        -:    0:Source:dominion.c
        -:    0:Graph:dominion.gcno
        -:    0:Data:dominion.gcda
        -:    0:Runs:10
        -:    0:Programs:10
        -:    1:#include "dominion.h"
        -:    2:#include "dominion_helpers.h"
        -:    3:#include "rngs.h"
        -:    4:#include <stdio.h>
        -:    5:#include <math.h>
        -:    6:#include <stdlib.h>
        -:    7:
function compare called 290141 returned 100% blocks executed 100%
   290141:    8:int compare(const void* a, const void* b) {
   290141:    9:  if (*(int*)a > *(int*)b)
branch  0 taken 49% (fallthrough)
branch  1 taken 51%
   141182:   10:    return 1;
   148959:   11:  if (*(int*)a < *(int*)b)
branch  0 taken 36% (fallthrough)
branch  1 taken 64%
    53491:   12:    return -1;
    95468:   13:  return 0;
        -:   14:}
        -:   15:
function newGame called 0 returned 0% blocks executed 0%
    #####:   16:struct gameState* newGame() {
    #####:   17:  struct gameState* g = malloc(sizeof(struct gameState));
    #####:   18:  return g;
        -:   19:}
        -:   20:
function kingdomCards called 0 returned 0% blocks executed 0%
    #####:   21:int* kingdomCards(int k1, int k2, int k3, int k4, int k5, int k6, int k7,
        -:   22:		  int k8, int k9, int k10) {
    #####:   23:  int* k = malloc(10 * sizeof(int));
    #####:   24:  k[0] = k1;
    #####:   25:  k[1] = k2;
    #####:   26:  k[2] = k3;
    #####:   27:  k[3] = k4;
    #####:   28:  k[4] = k5;
    #####:   29:  k[5] = k6;
    #####:   30:  k[6] = k7;
    #####:   31:  k[7] = k8;
    #####:   32:  k[8] = k9;
    #####:   33:  k[9] = k10;
    #####:   34:  return k;
        -:   35:}
        -:   36:
function initializeGame called 120 returned 100% blocks executed 98%
      120:   37:int initializeGame(int numPlayers, int kingdomCards[10], int randomSeed,
        -:   38:		   struct gameState *state) {
        -:   39:
        -:   40:  int i;
        -:   41:  int j;
        -:   42:  int it;			
        -:   43:  //set up random number generator
      120:   44:  SelectStream(1);
call    0 returned 100%
      120:   45:  PutSeed((long)randomSeed);
call    0 returned 100%
        -:   46:  
        -:   47:  //check number of players
      120:   48:  if (numPlayers > MAX_PLAYERS || numPlayers < 2)
branch  0 taken 92% (fallthrough)
branch  1 taken 8%
branch  2 taken 9% (fallthrough)
branch  3 taken 91%
        -:   49:    {
       20:   50:      return -1;
        -:   51:    }
        -:   52:
        -:   53:  //set number of players
      100:   54:  state->numPlayers = numPlayers;
        -:   55:
        -:   56:  //check selected kingdom cards are different
      900:   57:  for (i = 0; i < 10; i++)
branch  0 taken 91%
branch  1 taken 9% (fallthrough)
        -:   58:    {
     8910:   59:      for (j = 0; j < 10; j++)
branch  0 taken 91%
branch  1 taken 9% (fallthrough)
        -:   60:        {
     8110:   61:	  if (j != i && kingdomCards[j] == kingdomCards[i])
branch  0 taken 90% (fallthrough)
branch  1 taken 10%
branch  2 taken 1% (fallthrough)
branch  3 taken 99%
        -:   62:	    {
       20:   63:	      return -1;
        -:   64:	    }
        -:   65:        }
        -:   66:    }
        -:   67:
        -:   68:
        -:   69:  //initialize supply
        -:   70:  ///////////////////////////////
        -:   71:
        -:   72:  //set number of Curse cards
       80:   73:  if (numPlayers == 2)
branch  0 taken 38% (fallthrough)
branch  1 taken 63%
        -:   74:    {
       30:   75:      state->supplyCount[curse] = 10;
        -:   76:    }
       50:   77:  else if (numPlayers == 3)
branch  0 taken 52% (fallthrough)
branch  1 taken 48%
        -:   78:    {
       26:   79:      state->supplyCount[curse] = 20;
        -:   80:    }
        -:   81:  else
        -:   82:    {
       24:   83:      state->supplyCount[curse] = 30;
        -:   84:    }
        -:   85:
        -:   86:  //set number of Victory cards
       80:   87:  if (numPlayers == 2)
branch  0 taken 38% (fallthrough)
branch  1 taken 63%
        -:   88:    {
       30:   89:      state->supplyCount[estate] = 8;
       30:   90:      state->supplyCount[duchy] = 8;
       30:   91:      state->supplyCount[province] = 8;
        -:   92:    }
        -:   93:  else
        -:   94:    {
       50:   95:      state->supplyCount[estate] = 12;
       50:   96:      state->supplyCount[duchy] = 12;
       50:   97:      state->supplyCount[province] = 12;
        -:   98:    }
        -:   99:
        -:  100:  //set number of Treasure cards
       80:  101:  state->supplyCount[copper] = 60 - (7 * numPlayers);
       80:  102:  state->supplyCount[silver] = 40;
       80:  103:  state->supplyCount[gold] = 30;
        -:  104:
        -:  105:  //set number of Kingdom cards
     1680:  106:  for (i = adventurer; i <= treasure_map; i++)       	//loop all cards
branch  0 taken 95%
branch  1 taken 5% (fallthrough)
        -:  107:    {
    13200:  108:      for (j = 0; j < 10; j++)           		//loop chosen cards
branch  0 taken 94%
branch  1 taken 6% (fallthrough)
        -:  109:	{
    12400:  110:	  if (kingdomCards[j] == i)
branch  0 taken 6% (fallthrough)
branch  1 taken 94%
        -:  111:	    {
        -:  112:	      //check if card is a 'Victory' Kingdom card
      800:  113:	      if (kingdomCards[j] == great_hall || kingdomCards[j] == gardens)
branch  0 taken 100% (fallthrough)
branch  1 taken 0%
branch  2 taken 10% (fallthrough)
branch  3 taken 90%
        -:  114:		{
      160:  115:		  if (numPlayers == 2){ 
branch  0 taken 38% (fallthrough)
branch  1 taken 63%
       30:  116:		    state->supplyCount[i] = 8; 
        -:  117:		  }
       50:  118:		  else{ state->supplyCount[i] = 12; }
        -:  119:		}
        -:  120:	      else
        -:  121:		{
      720:  122:		  state->supplyCount[i] = 10;
        -:  123:		}
      800:  124:	      break;
        -:  125:	    }
        -:  126:	  else    //card is not in the set choosen for the game
        -:  127:	    {
    11600:  128:	      state->supplyCount[i] = -1;
        -:  129:	    }
        -:  130:	}
        -:  131:
        -:  132:    }
        -:  133:
        -:  134:  ////////////////////////
        -:  135:  //supply intilization complete
        -:  136:
        -:  137:  //set player decks
      314:  138:  for (i = 0; i < numPlayers; i++)
branch  0 taken 75%
branch  1 taken 25% (fallthrough)
        -:  139:    {
      234:  140:      state->deckCount[i] = 0;
      936:  141:      for (j = 0; j < 3; j++)
branch  0 taken 75%
branch  1 taken 25% (fallthrough)
        -:  142:	{
      702:  143:	  state->deck[i][j] = estate;
      702:  144:	  state->deckCount[i]++;
        -:  145:	}
     1872:  146:      for (j = 3; j < 10; j++)
branch  0 taken 88%
branch  1 taken 13% (fallthrough)
        -:  147:	{
     1638:  148:	  state->deck[i][j] = copper;
     1638:  149:	  state->deckCount[i]++;		
        -:  150:	}
        -:  151:    }
        -:  152:
        -:  153:  //shuffle player decks
      314:  154:  for (i = 0; i < numPlayers; i++)
branch  0 taken 75%
branch  1 taken 25% (fallthrough)
        -:  155:    {
      234:  156:      if ( shuffle(i, state) < 0 )
call    0 returned 100%
branch  1 taken 0% (fallthrough)
branch  2 taken 100%
        -:  157:	{
    #####:  158:	  return -1;
        -:  159:	}
        -:  160:    }
        -:  161:
        -:  162:  //draw player hands
      314:  163:  for (i = 0; i < numPlayers; i++)
branch  0 taken 75%
branch  1 taken 25% (fallthrough)
        -:  164:    {  
        -:  165:      //initialize hand size to zero
      234:  166:      state->handCount[i] = 0;
      234:  167:      state->discardCount[i] = 0;
        -:  168:      //draw 5 cards
        -:  169:      // for (j = 0; j < 5; j++)
        -:  170:      //	{
        -:  171:      //	  drawCard(i, state);
        -:  172:      //	}
        -:  173:    }
        -:  174:  
        -:  175:  //set embargo tokens to 0 for all supply piles
     2240:  176:  for (i = 0; i <= treasure_map; i++)
branch  0 taken 96%
branch  1 taken 4% (fallthrough)
        -:  177:    {
     2160:  178:      state->embargoTokens[i] = 0;
        -:  179:    }
        -:  180:
        -:  181:  //initialize first player's turn
       80:  182:  state->outpostPlayed = 0;
       80:  183:  state->phase = 0;
       80:  184:  state->numActions = 1;
       80:  185:  state->numBuys = 1;
       80:  186:  state->playedCardCount = 0;
       80:  187:  state->whoseTurn = 0;
       80:  188:  state->handCount[state->whoseTurn] = 0;
        -:  189:  //int it; move to top
        -:  190:
        -:  191:  //Moved draw cards to here, only drawing at the start of a turn
      480:  192:  for (it = 0; it < 5; it++){
branch  0 taken 83%
branch  1 taken 17% (fallthrough)
      400:  193:    drawCard(state->whoseTurn, state);
call    0 returned 100%
        -:  194:  }
        -:  195:
       80:  196:  updateCoins(state->whoseTurn, state, 0);
call    0 returned 100%
        -:  197:
       80:  198:  return 0;
        -:  199:}
        -:  200:
function shuffle called 1196 returned 100% blocks executed 100%
     1196:  201:int shuffle(int player, struct gameState *state) {
        -:  202: 
        -:  203:
        -:  204:  int newDeck[MAX_DECK];
     1196:  205:  int newDeckPos = 0;
        -:  206:  int card;
        -:  207:  int i;
        -:  208:
     1196:  209:  if (state->deckCount[player] < 1)
branch  0 taken 62% (fallthrough)
branch  1 taken 38%
      737:  210:    return -1;
      459:  211:  qsort ((void*)(state->deck[player]), state->deckCount[player], sizeof(int), compare); 
call    0 returned 100%
        -:  212:  /* SORT CARDS IN DECK TO ENSURE DETERMINISM! */
        -:  213:
    45619:  214:  while (state->deckCount[player] > 0) {
branch  0 taken 99%
branch  1 taken 1% (fallthrough)
    44701:  215:    card = floor(Random() * state->deckCount[player]);
call    0 returned 100%
    44701:  216:    newDeck[newDeckPos] = state->deck[player][card];
    44701:  217:    newDeckPos++;
  3352709:  218:    for (i = card; i < state->deckCount[player]-1; i++) {
branch  0 taken 99%
branch  1 taken 1% (fallthrough)
  3308008:  219:      state->deck[player][i] = state->deck[player][i+1];
        -:  220:    }
    44701:  221:    state->deckCount[player]--;
        -:  222:  }
    45160:  223:  for (i = 0; i < newDeckPos; i++) {
branch  0 taken 99%
branch  1 taken 1% (fallthrough)
    44701:  224:    state->deck[player][i] = newDeck[i];
    44701:  225:    state->deckCount[player]++;
        -:  226:  }
        -:  227:
      459:  228:  return 0;
        -:  229:}
        -:  230:
function playCard called 0 returned 0% blocks executed 0%
    #####:  231:int playCard(int handPos, int choice1, int choice2, int choice3, struct gameState *state) 
        -:  232:{	
        -:  233:  int card;
    #####:  234:  int coin_bonus = 0; 		//tracks coins gain from actions
        -:  235:
        -:  236:  //check if it is the right phase
    #####:  237:  if (state->phase != 0)
branch  0 never executed
branch  1 never executed
        -:  238:    {
    #####:  239:      return -1;
        -:  240:    }
        -:  241:	
        -:  242:  //check if player has enough actions
    #####:  243:  if ( state->numActions < 1 )
branch  0 never executed
branch  1 never executed
        -:  244:    {
    #####:  245:      return -1;
        -:  246:    }
        -:  247:	
        -:  248:  //get card played
    #####:  249:  card = handCard(handPos, state);
call    0 never executed
        -:  250:	
        -:  251:  //check if selected card is an action
    #####:  252:  if ( card < adventurer || card > treasure_map )
branch  0 never executed
branch  1 never executed
branch  2 never executed
branch  3 never executed
        -:  253:    {
    #####:  254:      return -1;
        -:  255:    }
        -:  256:	
        -:  257:  //play card
    #####:  258:  if ( cardEffect(card, choice1, choice2, choice3, state, handPos, &coin_bonus) < 0 )
call    0 never executed
branch  1 never executed
branch  2 never executed
        -:  259:    {
    #####:  260:      return -1;
        -:  261:    }
        -:  262:	
        -:  263:  //reduce number of actions
    #####:  264:  state->numActions--;
        -:  265:
        -:  266:  //update coins (Treasure cards may be added with card draws)
    #####:  267:  updateCoins(state->whoseTurn, state, coin_bonus);
call    0 never executed
        -:  268:	
    #####:  269:  return 0;
        -:  270:}
        -:  271:
function buyCard called 0 returned 0% blocks executed 0%
    #####:  272:int buyCard(int supplyPos, struct gameState *state) {
        -:  273:  int who;
        -:  274:  if (DEBUG){
        -:  275:    printf("Entering buyCard...\n");
        -:  276:  }
        -:  277:
        -:  278:  // I don't know what to do about the phase thing.
        -:  279:
    #####:  280:  who = state->whoseTurn;
        -:  281:
    #####:  282:  if (state->numBuys < 1){
branch  0 never executed
branch  1 never executed
        -:  283:    if (DEBUG)
        -:  284:      printf("You do not have any buys left\n");
    #####:  285:    return -1;
    #####:  286:  } else if (supplyCount(supplyPos, state) <1){
call    0 never executed
branch  1 never executed
branch  2 never executed
        -:  287:    if (DEBUG)
        -:  288:      printf("There are not any of that type of card left\n");
    #####:  289:    return -1;
    #####:  290:  } else if (state->coins < getCost(supplyPos)){
call    0 never executed
branch  1 never executed
branch  2 never executed
        -:  291:    if (DEBUG) 
        -:  292:      printf("You do not have enough money to buy that. You have %d coins.\n", state->coins);
    #####:  293:    return -1;
        -:  294:  } else {
    #####:  295:    state->phase=1;
        -:  296:    //state->supplyCount[supplyPos]--;
    #####:  297:    gainCard(supplyPos, state, 0, who); //card goes in discard, this might be wrong.. (2 means goes into hand, 0 goes into discard)
call    0 never executed
        -:  298:  
    #####:  299:    state->coins = (state->coins) - (getCost(supplyPos));
call    0 never executed
    #####:  300:    state->numBuys--;
        -:  301:    if (DEBUG)
        -:  302:      printf("You bought card number %d for %d coins. You now have %d buys and %d coins.\n", supplyPos, getCost(supplyPos), state->numBuys, state->coins);
        -:  303:  }
        -:  304:
        -:  305:  //state->discard[who][state->discardCount[who]] = supplyPos;
        -:  306:  //state->discardCount[who]++;
        -:  307:    
    #####:  308:  return 0;
        -:  309:}
        -:  310:
function numHandCards called 0 returned 0% blocks executed 0%
    #####:  311:int numHandCards(struct gameState *state) {
    #####:  312:  return state->handCount[ whoseTurn(state) ];
call    0 never executed
        -:  313:}
        -:  314:
function handCard called 0 returned 0% blocks executed 0%
    #####:  315:int handCard(int handPos, struct gameState *state) {
    #####:  316:  int currentPlayer = whoseTurn(state);
call    0 never executed
    #####:  317:  return state->hand[currentPlayer][handPos];
        -:  318:}
        -:  319:
function supplyCount called 0 returned 0% blocks executed 0%
    #####:  320:int supplyCount(int card, struct gameState *state) {
    #####:  321:  return state->supplyCount[card];
        -:  322:}
        -:  323:
function fullDeckCount called 628755 returned 100% blocks executed 100%
   628755:  324:int fullDeckCount(int player, int card, struct gameState *state) {
        -:  325:  int i;
   628755:  326:  int count = 0;
        -:  327:
105421255:  328:  for (i = 0; i < state->deckCount[player]; i++)
branch  0 taken 99%
branch  1 taken 1% (fallthrough)
        -:  329:    {
104792500:  330:      if (state->deck[player][i] == card) count++;
branch  0 taken 40% (fallthrough)
branch  1 taken 60%
        -:  331:    }
        -:  332:
105421255:  333:  for (i = 0; i < state->handCount[player]; i++)
branch  0 taken 99%
branch  1 taken 1% (fallthrough)
        -:  334:    {
104792500:  335:      if (state->hand[player][i] == card) count++;
branch  0 taken 40% (fallthrough)
branch  1 taken 60%
        -:  336:    }
        -:  337:
105421255:  338:  for (i = 0; i < state->discardCount[player]; i++)
branch  0 taken 99%
branch  1 taken 1% (fallthrough)
        -:  339:    {
104792500:  340:      if (state->discard[player][i] == card) count++;
branch  0 taken 40% (fallthrough)
branch  1 taken 60%
        -:  341:    }
        -:  342:
   628755:  343:  return count;
        -:  344:}
        -:  345:
function whoseTurn called 6019 returned 100% blocks executed 100%
     6019:  346:int whoseTurn(struct gameState *state) {
     6019:  347:  return state->whoseTurn;
        -:  348:}
        -:  349:
function endTurn called 0 returned 0% blocks executed 0%
    #####:  350:int endTurn(struct gameState *state) {
        -:  351:  int k;
        -:  352:  int i;
    #####:  353:  int currentPlayer = whoseTurn(state);
call    0 never executed
        -:  354:  
        -:  355:  //Discard hand
    #####:  356:  for (i = 0; i < state->handCount[currentPlayer]; i++){
branch  0 never executed
branch  1 never executed
    #####:  357:    state->discard[currentPlayer][state->discardCount[currentPlayer]++] = state->hand[currentPlayer][i];//Discard
    #####:  358:    state->hand[currentPlayer][i] = -1;//Set card to -1
        -:  359:  }
    #####:  360:  state->handCount[currentPlayer] = 0;//Reset hand count
        -:  361:    
        -:  362:  //Code for determining the player
    #####:  363:  if (currentPlayer < (state->numPlayers - 1)){ 
branch  0 never executed
branch  1 never executed
    #####:  364:    state->whoseTurn = currentPlayer + 1;//Still safe to increment
        -:  365:  }
        -:  366:  else{
    #####:  367:    state->whoseTurn = 0;//Max player has been reached, loop back around to player 1
        -:  368:  }
        -:  369:
    #####:  370:  state->outpostPlayed = 0;
    #####:  371:  state->phase = 0;
    #####:  372:  state->numActions = 1;
    #####:  373:  state->coins = 0;
    #####:  374:  state->numBuys = 1;
    #####:  375:  state->playedCardCount = 0;
    #####:  376:  state->handCount[state->whoseTurn] = 0;
        -:  377:
        -:  378:  //int k; move to top
        -:  379:  //Next player draws hand
    #####:  380:  for (k = 0; k < 5; k++){
branch  0 never executed
branch  1 never executed
    #####:  381:    drawCard(state->whoseTurn, state);//Draw a card
call    0 never executed
        -:  382:  }
        -:  383:
        -:  384:  //Update money
    #####:  385:  updateCoins(state->whoseTurn, state , 0);
call    0 never executed
        -:  386:
    #####:  387:  return 0;
        -:  388:}
        -:  389:
function isGameOver called 0 returned 0% blocks executed 0%
    #####:  390:int isGameOver(struct gameState *state) {
        -:  391:  int i;
        -:  392:  int j;
        -:  393:	
        -:  394:  //if stack of Province cards is empty, the game ends
    #####:  395:  if (state->supplyCount[province] == 0)
branch  0 never executed
branch  1 never executed
        -:  396:    {
    #####:  397:      return 1;
        -:  398:    }
        -:  399:
        -:  400:  //if three supply pile are at 0, the game ends
    #####:  401:  j = 0;
    #####:  402:  for (i = 0; i < 25; i++)
branch  0 never executed
branch  1 never executed
        -:  403:    {
    #####:  404:      if (state->supplyCount[i] == 0)
branch  0 never executed
branch  1 never executed
        -:  405:	{
    #####:  406:	  j++;
        -:  407:	}
        -:  408:    }
    #####:  409:  if ( j >= 3)
branch  0 never executed
branch  1 never executed
        -:  410:    {
    #####:  411:      return 1;
        -:  412:    }
        -:  413:
    #####:  414:  return 0;
        -:  415:}
        -:  416:
function scoreFor called 56 returned 100% blocks executed 100%
       56:  417:int scoreFor (int player, struct gameState *state) {
        -:  418:
        -:  419:  int i;
       56:  420:  int score = 0;
        -:  421:  //score from hand
      616:  422:  for (i = 0; i < state->handCount[player]; i++)
branch  0 taken 91%
branch  1 taken 9% (fallthrough)
        -:  423:    {
      560:  424:      if (state->hand[player][i] == curse) { score = score - 1; };
branch  0 taken 9% (fallthrough)
branch  1 taken 91%
      560:  425:      if (state->hand[player][i] == estate) { score = score + 1; };
branch  0 taken 8% (fallthrough)
branch  1 taken 92%
      560:  426:      if (state->hand[player][i] == duchy) { score = score + 3; };
branch  0 taken 8% (fallthrough)
branch  1 taken 92%
      560:  427:      if (state->hand[player][i] == province) { score = score + 6; };
branch  0 taken 8% (fallthrough)
branch  1 taken 92%
      560:  428:      if (state->hand[player][i] == great_hall) { score = score + 1; };
branch  0 taken 8% (fallthrough)
branch  1 taken 92%
      560:  429:      if (state->hand[player][i] == gardens) { score = score + ( state->deckCount[player]+state->discardCount[player]+state->handCount[player]) / 10 ; };
branch  0 taken 1% (fallthrough)
branch  1 taken 99%
        -:  430:      }
        -:  431:
        -:  432:  //score from discard
      616:  433:  for (i = 0; i < state->discardCount[player]; i++)
branch  0 taken 91%
branch  1 taken 9% (fallthrough)
        -:  434:    {
      560:  435:      if (state->discard[player][i] == curse) { score = score - 1; };
branch  0 taken 9% (fallthrough)
branch  1 taken 91%
      560:  436:      if (state->discard[player][i] == estate) { score = score + 1; };
branch  0 taken 8% (fallthrough)
branch  1 taken 92%
      560:  437:      if (state->discard[player][i] == duchy) { score = score + 3; };
branch  0 taken 8% (fallthrough)
branch  1 taken 92%
      560:  438:      if (state->discard[player][i] == province) { score = score + 6; };
branch  0 taken 8% (fallthrough)
branch  1 taken 92%
      560:  439:      if (state->discard[player][i] == great_hall) { score = score + 1; };
branch  0 taken 8% (fallthrough)
branch  1 taken 92%
      560:  440:      if (state->discard[player][i] == gardens) { score = score + (state->deckCount[player]+state->handCount[player]+state->discardCount[player] )/10; };
branch  0 taken 1% (fallthrough)
branch  1 taken 99%
        -:  441:       }
        -:  442:
        -:  443:  //score from deck
      616:  444:  for (i = 0; i < state->deckCount[player]; i++)
branch  0 taken 91%
branch  1 taken 9% (fallthrough)
        -:  445:    {
      560:  446:      if (state->deck[player][i] == curse) { score = score - 1; };
branch  0 taken 9% (fallthrough)
branch  1 taken 91%
      560:  447:      if (state->deck[player][i] == estate) { score = score + 1; };
branch  0 taken 8% (fallthrough)
branch  1 taken 92%
      560:  448:      if (state->deck[player][i] == duchy) { score = score + 3; };
branch  0 taken 8% (fallthrough)
branch  1 taken 92%
      560:  449:      if (state->deck[player][i] == province) { score = score + 6; };
branch  0 taken 8% (fallthrough)
branch  1 taken 92%
      560:  450:      if (state->deck[player][i] == great_hall) { score = score + 1; };
branch  0 taken 8% (fallthrough)
branch  1 taken 92%
      560:  451:      if (state->deck[player][i] == gardens) { score = score + ( state->deckCount[player]+state->discardCount[player]+state->handCount[player] )/10; };
branch  0 taken 1% (fallthrough)
branch  1 taken 99%
        -:  452:      
        -:  453:    }
        -:  454:
       56:  455:  return score;
        -:  456:}
        -:  457:
function getWinners called 0 returned 0% blocks executed 0%
    #####:  458:int getWinners(int players[MAX_PLAYERS], struct gameState *state) {
        -:  459:  int i;	
        -:  460:  int j;
        -:  461:  int highScore;
        -:  462:  int currentPlayer;
        -:  463:
        -:  464:  //get score for each player
    #####:  465:  for (i = 0; i < MAX_PLAYERS; i++)
branch  0 never executed
branch  1 never executed
        -:  466:    {
        -:  467:      //set unused player scores to -9999
    #####:  468:      if (i >= state->numPlayers)
branch  0 never executed
branch  1 never executed
        -:  469:	{
    #####:  470:	  players[i] = -9999;
        -:  471:	}
        -:  472:      else
        -:  473:	{
    #####:  474:	  players[i] = scoreFor (i, state);
call    0 never executed
        -:  475:	}
        -:  476:    }
        -:  477:
        -:  478:  //find highest score
    #####:  479:  j = 0;
    #####:  480:  for (i = 0; i < MAX_PLAYERS; i++)
branch  0 never executed
branch  1 never executed
        -:  481:    {
    #####:  482:      if (players[i] > players[j])
branch  0 never executed
branch  1 never executed
        -:  483:	{
    #####:  484:	  j = i;
        -:  485:	}
        -:  486:    }
    #####:  487:  highScore = players[j];
        -:  488:
        -:  489:  //add 1 to players who had less turns
    #####:  490:  currentPlayer = whoseTurn(state);
call    0 never executed
    #####:  491:  for (i = 0; i < MAX_PLAYERS; i++)
branch  0 never executed
branch  1 never executed
        -:  492:    {
    #####:  493:      if ( players[i] == highScore && i > currentPlayer )
branch  0 never executed
branch  1 never executed
branch  2 never executed
branch  3 never executed
        -:  494:	{
    #####:  495:	  players[i]++;
        -:  496:	}
        -:  497:    }
        -:  498:
        -:  499:  //find new highest score
    #####:  500:  j = 0;
    #####:  501:  for (i = 0; i < MAX_PLAYERS; i++)
branch  0 never executed
branch  1 never executed
        -:  502:    {
    #####:  503:      if ( players[i] > players[j] )
branch  0 never executed
branch  1 never executed
        -:  504:	{
    #####:  505:	  j = i;
        -:  506:	}
        -:  507:    }
    #####:  508:  highScore = players[j];
        -:  509:
        -:  510:  //set winners in array to 1 and rest to 0
    #####:  511:  for (i = 0; i < MAX_PLAYERS; i++)
branch  0 never executed
branch  1 never executed
        -:  512:    {
    #####:  513:      if ( players[i] == highScore )
branch  0 never executed
branch  1 never executed
        -:  514:	{
    #####:  515:	  players[i] = 1;
        -:  516:	}
        -:  517:      else
        -:  518:	{
    #####:  519:	  players[i] = 0;
        -:  520:	}
        -:  521:    }
        -:  522:
    #####:  523:  return 0;
        -:  524:}
        -:  525:
function drawCard called 37168 returned 100% blocks executed 100%
    37168:  526:int drawCard(int player, struct gameState *state)
        -:  527:{	int count;
        -:  528:  int deckCounter;
    37168:  529:  if (state->deckCount[player] <= 0){//Deck is empty
branch  0 taken 2% (fallthrough)
branch  1 taken 98%
        -:  530:    
        -:  531:    //Step 1 Shuffle the discard pile back into a deck
        -:  532:    int i;
        -:  533:    //Move discard to deck
    43052:  534:    for (i = 0; i < state->discardCount[player];i++){
branch  0 taken 98%
branch  1 taken 2% (fallthrough)
    42361:  535:      state->deck[player][i] = state->discard[player][i];
    42361:  536:      state->discard[player][i] = -1;
        -:  537:    }
        -:  538:
      691:  539:    state->deckCount[player] = state->discardCount[player];
      691:  540:    state->discardCount[player] = 0;//Reset discard
        -:  541:
        -:  542:    //Shufffle the deck
      691:  543:    shuffle(player, state);//Shuffle the deck up and make it so that we can draw
call    0 returned 100%
        -:  544:   
        -:  545:    if (DEBUG){//Debug statements
        -:  546:      printf("Deck count now: %d\n", state->deckCount[player]);
        -:  547:    }
        -:  548:    
      691:  549:    state->discardCount[player] = 0;
        -:  550:
        -:  551:    //Step 2 Draw Card
      691:  552:    count = state->handCount[player];//Get current player's hand count
        -:  553:    
        -:  554:    if (DEBUG){//Debug statements
        -:  555:      printf("Current hand count: %d\n", count);
        -:  556:    }
        -:  557:    
      691:  558:    deckCounter = state->deckCount[player];//Create a holder for the deck count
        -:  559:
      691:  560:    if (deckCounter == 0)
branch  0 taken 67% (fallthrough)
branch  1 taken 33%
      466:  561:      return -1;
        -:  562:
      225:  563:    state->hand[player][count] = state->deck[player][deckCounter - 1];//Add card to hand
      225:  564:    state->deckCount[player]--;
      225:  565:    state->handCount[player]++;//Increment hand count
        -:  566:  }
        -:  567:
        -:  568:  else{
    36477:  569:    int count = state->handCount[player];//Get current hand count for player
        -:  570:    int deckCounter;
        -:  571:    if (DEBUG){//Debug statements
        -:  572:      printf("Current hand count: %d\n", count);
        -:  573:    }
        -:  574:
    36477:  575:    deckCounter = state->deckCount[player];//Create holder for the deck count
    36477:  576:    state->hand[player][count] = state->deck[player][deckCounter - 1];//Add card to the hand
    36477:  577:    state->deckCount[player]--;
    36477:  578:    state->handCount[player]++;//Increment hand count
        -:  579:  }
        -:  580:
    36702:  581:  return 0;
        -:  582:}
        -:  583:
function getCost called 0 returned 0% blocks executed 0%
    #####:  584:int getCost(int cardNumber)
        -:  585:{
    #####:  586:  switch( cardNumber ) 
branch  0 never executed
branch  1 never executed
branch  2 never executed
branch  3 never executed
branch  4 never executed
branch  5 never executed
branch  6 never executed
branch  7 never executed
branch  8 never executed
branch  9 never executed
branch 10 never executed
branch 11 never executed
branch 12 never executed
branch 13 never executed
branch 14 never executed
branch 15 never executed
branch 16 never executed
branch 17 never executed
branch 18 never executed
branch 19 never executed
branch 20 never executed
branch 21 never executed
branch 22 never executed
branch 23 never executed
branch 24 never executed
branch 25 never executed
branch 26 never executed
branch 27 never executed
        -:  587:    {
        -:  588:    case curse:
    #####:  589:      return 0;
        -:  590:    case estate:
    #####:  591:      return 2;
        -:  592:    case duchy:
    #####:  593:      return 5;
        -:  594:    case province:
    #####:  595:      return 8;
        -:  596:    case copper:
    #####:  597:      return 0;
        -:  598:    case silver:
    #####:  599:      return 3;
        -:  600:    case gold:
    #####:  601:      return 6;
        -:  602:    case adventurer:
    #####:  603:      return 6;
        -:  604:    case council_room:
    #####:  605:      return 5;
        -:  606:    case feast:
    #####:  607:      return 4;
        -:  608:    case gardens:
    #####:  609:      return 4;
        -:  610:    case mine:
    #####:  611:      return 5;
        -:  612:    case remodel:
    #####:  613:      return 4;
        -:  614:    case smithy:
    #####:  615:      return 4;
        -:  616:    case village:
    #####:  617:      return 3;
        -:  618:    case baron:
    #####:  619:      return 4;
        -:  620:    case great_hall:
    #####:  621:      return 3;
        -:  622:    case minion:
    #####:  623:      return 5;
        -:  624:    case steward:
    #####:  625:      return 3;
        -:  626:    case tribute:
    #####:  627:      return 5;
        -:  628:    case ambassador:
    #####:  629:      return 3;
        -:  630:    case cutpurse:
    #####:  631:      return 4;
        -:  632:    case embargo: 
    #####:  633:      return 2;
        -:  634:    case outpost:
    #####:  635:      return 5;
        -:  636:    case salvager:
    #####:  637:      return 4;
        -:  638:    case sea_hag:
    #####:  639:      return 4;
        -:  640:    case treasure_map:
    #####:  641:      return 4;
        -:  642:    }
        -:  643:	
    #####:  644:  return -1;
        -:  645:}
        -:  646:
        -:  647:  //altered card functions
        -:  648:
        -:  649:  //altered Adventurer card
function alteredAdventurer called 502 returned 100% blocks executed 100%
      502:  650:  void alteredAdventurer(struct gameState *state, int handPos){
        -:  651:  	
      502:  652:  	int drawntreasure = 0;
      502:  653:	int currentPlayer = whoseTurn(state);
call    0 returned 100%
        -:  654:	int cardDrawn;
        -:  655:	int temphand[MAX_HAND];
      502:  656:	int z = 0;  //Temp Hand Counter
        -:  657:
    10264:  658:	  while(drawntreasure<3){  
branch  0 taken 95%
branch  1 taken 5% (fallthrough)
     9260:  659:		if (state->deckCount[currentPlayer] <1){//if the deck is empty we need to shuffle discard and add to deck
branch  0 taken 3% (fallthrough)
branch  1 taken 97%
      271:  660:		  shuffle(currentPlayer, state);
call    0 returned 100%
        -:  661:		}
     9260:  662:		drawCard(currentPlayer, state);
call    0 returned 100%
     9260:  663:		cardDrawn = state->hand[currentPlayer][state->handCount[currentPlayer]-1];//top card of hand is most recently drawn card.
     9260:  664:		if (cardDrawn == copper || cardDrawn == silver || cardDrawn == gold)
branch  0 taken 95% (fallthrough)
branch  1 taken 5%
branch  2 taken 94% (fallthrough)
branch  3 taken 6%
branch  4 taken 6% (fallthrough)
branch  5 taken 94%
     1506:  665:		  drawntreasure++;
        -:  666:		else{
     7754:  667:		  temphand[z]=cardDrawn;
     7754:  668:		  state->handCount[currentPlayer]--; //this should just remove the top card (the most recently drawn one).
     7754:  669:		  z++;
        -:  670:
        -:  671:		}
        -:  672:	  }
     8758:  673:	  while(z-1>=0){
branch  0 taken 94%
branch  1 taken 6% (fallthrough)
     7754:  674:		state->discard[currentPlayer][state->discardCount[currentPlayer]++]=temphand[z-1]; // discard all cards in play that have been drawn
     7754:  675:		z=z-1;
        -:  676:	  }
      502:  677:	  discardCard(handPos, currentPlayer, state, 0);
call    0 returned 100%
      502:  678:	  return;
        -:  679:
        -:  680:
        -:  681:  }
        -:  682:
        -:  683://Altered smithy 
function alteredSmithy called 1 returned 100% blocks executed 100%
        1:  684:void alteredSmithy(struct gameState *state, int handPos){
        -:  685:	
        1:  686:	int currentPlayer = whoseTurn(state);
call    0 returned 100%
        -:  687:	int i;
        -:  688:	      //+3 Cards
        3:  689:    for (i = 1; i < 3; i++)
branch  0 taken 67%
branch  1 taken 33% (fallthrough)
        -:  690:	{
        2:  691:	  drawCard(currentPlayer, state);
call    0 returned 100%
        -:  692:	}
        -:  693:			
        -:  694:      //discard card from hand
        1:  695:      discardCard(handPos, currentPlayer, state, 0);
call    0 returned 100%
        1:  696:      return;
        -:  697:}
        -:  698:
        -:  699://Altered Village card
function alteredVillage called 6 returned 100% blocks executed 100%
        6:  700:void alteredVillage(struct gameState *state, int handPos){
        -:  701:	
        6:  702:	int currentPlayer = whoseTurn(state);
call    0 returned 100%
        -:  703:
        -:  704:	  //+1 Card
        6:  705:	  drawCard(currentPlayer, state);
call    0 returned 100%
        -:  706:			
        -:  707:	  //+2 Actions
        6:  708:	  state->numActions += 2;
        -:  709:
        -:  710:	  //discard
        6:  711:	  discardCard(handPos, currentPlayer, state, 0);
call    0 returned 100%
        -:  712:
        6:  713:	  return;
        -:  714:}
        -:  715:
        -:  716:
        -:  717://Altered minion card 
function alteredMinion called 0 returned 0% blocks executed 0%
    #####:  718:void alteredMinion(struct gameState *state, int handPos, int choice1, int choice2){
        -:  719:	
    #####:  720: int currentPlayer = whoseTurn(state);
call    0 never executed
        -:  721: int i, j;
        -:  722: //+1 action
    #####:  723:      state->numActions++;
        -:  724:			
        -:  725:    
        -:  726:			
    #####:  727:      if (choice1)		//+2 coins
branch  0 never executed
branch  1 never executed
        -:  728:	{
    #####:  729:	  state->coins = state->coins + 2;
        -:  730:	}
        -:  731:			
    #####:  732:      else if (choice2)		//discard hand, redraw 4, other players with 5+ cards discard hand and draw 4
branch  0 never executed
branch  1 never executed
        -:  733:	{
        -:  734:	  //discard hand
    #####:  735:	  while(numHandCards(state) > 0)
call    0 never executed
branch  1 never executed
branch  2 never executed
        -:  736:	    {
    #####:  737:	      discardCard(handPos, currentPlayer, state, 0);
call    0 never executed
        -:  738:	    }
        -:  739:				
        -:  740:	  //draw 4
    #####:  741:	  for (i = 0; i < 4; i++)
branch  0 never executed
branch  1 never executed
        -:  742:	    {
    #####:  743:	      drawCard(currentPlayer, state);
call    0 never executed
        -:  744:	    }
        -:  745:	
        -:  746:	  //discard card from hand
    #####:  747:      discardCard(handPos, currentPlayer, state, 0);
call    0 never executed
        -:  748:
        -:  749:	  //other players discard hand and redraw if hand size > 4
    #####:  750:	  for (i = 0; i < state->numPlayers; i++)
branch  0 never executed
branch  1 never executed
        -:  751:	    {
    #####:  752:	      if (i != currentPlayer)
branch  0 never executed
branch  1 never executed
        -:  753:		{
    #####:  754:		  if ( state->handCount[i] > 4 )
branch  0 never executed
branch  1 never executed
        -:  755:		    {
        -:  756:		      //discard hand
    #####:  757:		      while( state->handCount[i] > 0 )
branch  0 never executed
branch  1 never executed
        -:  758:			{
    #####:  759:			  discardCard(handPos, i, state, 0);
call    0 never executed
        -:  760:			}
        -:  761:							
        -:  762:		      //draw 4
    #####:  763:		      for (j = 0; j < 4; j++)
branch  0 never executed
branch  1 never executed
        -:  764:			{
    #####:  765:			  drawCard(i, state);
call    0 never executed
        -:  766:			}
        -:  767:		    }
        -:  768:		}
        -:  769:	    }
        -:  770:				
        -:  771:	}
    #####:  772:return;
        -:  773:}
        -:  774:
        -:  775://Altered Great Hall card
function alteredGreatHall called 0 returned 0% blocks executed 0%
    #####:  776:void alteredGreatHall(struct gameState *state, int handPos){
        -:  777:	
    #####:  778:	  int currentPlayer = whoseTurn(state);
call    0 never executed
    #####:  779:      drawCard(currentPlayer, state);			
call    0 never executed
    #####:  780:      state->numActions++;
    #####:  781:      discardCard(handPos, currentPlayer, state, 0);
call    0 never executed
        -:  782: 	
    #####:  783: 	  return;
        -:  784:}
        -:  785:
function cardEffect called 5510 returned 100% blocks executed 10%
     5510:  786:int cardEffect(int card, int choice1, int choice2, int choice3, struct gameState *state, int handPos, int *bonus)
        -:  787:{
        -:  788:  int i;
        -:  789:  int j;
        -:  790:  int k;
        -:  791:  int x;
        -:  792:  int index;
     5510:  793:  int currentPlayer = whoseTurn(state);
call    0 returned 100%
     5510:  794:  int nextPlayer = currentPlayer + 1;
        -:  795:
     5510:  796:  int tributeRevealedCards[2] = {-1, -1};
        -:  797:  int temphand[MAX_HAND];// moved above the if statement
        -:  798:  //int drawntreasure=0;
        -:  799:  //int cardDrawn;
        -:  800:  //int z = 0;// this is the counter for the temp hand
     5510:  801:  if (nextPlayer > (state->numPlayers - 1)){
branch  0 taken 41% (fallthrough)
branch  1 taken 59%
     2257:  802:    nextPlayer = 0;
        -:  803:  }
        -:  804:  
        -:  805:	
        -:  806:  //uses switch to select card and perform actions
     5510:  807:  switch( card ) 
branch  0 taken 9%
branch  1 taken 91%
branch  2 taken 0%
branch  3 taken 0%
branch  4 taken 0%
branch  5 taken 0%
branch  6 taken 1%
branch  7 taken 1%
branch  8 taken 0%
branch  9 taken 0%
branch 10 taken 0%
branch 11 taken 0%
branch 12 taken 0%
branch 13 taken 0%
branch 14 taken 0%
branch 15 taken 0%
branch 16 taken 0%
branch 17 taken 0%
branch 18 taken 0%
branch 19 taken 0%
branch 20 taken 0%
        -:  808:    {
        -:  809:    case adventurer:
      502:  810:    	alteredAdventurer(state, handPos);
call    0 returned 100%
      502:  811:    	return 0;
        -:  812:
        -:  813:    case council_room:
        -:  814:      //+4 Cards
    25005:  815:      for (i = 0; i < 4; i++)
branch  0 taken 80%
branch  1 taken 20% (fallthrough)
        -:  816:	{
    20004:  817:	  drawCard(currentPlayer, state);
call    0 returned 100%
        -:  818:	}
        -:  819:			
        -:  820:      //+1 Buy
     5001:  821:      state->numBuys++;
        -:  822:			
        -:  823:      //Each other player draws a card
    17498:  824:      for (i = 0; i < state->numPlayers; i++)
branch  0 taken 71%
branch  1 taken 29% (fallthrough)
        -:  825:	{
    12497:  826:	  if ( i != currentPlayer )
branch  0 taken 60% (fallthrough)
branch  1 taken 40%
        -:  827:	    {
     7496:  828:	      drawCard(i, state);
call    0 returned 100%
        -:  829:	    }
        -:  830:	}
        -:  831:			
        -:  832:      //put played card in played card pile
     5001:  833:      discardCard(handPos, currentPlayer, state, 0);
call    0 returned 100%
        -:  834:			
     5001:  835:      return 0;
        -:  836:			
        -:  837:    case feast:
        -:  838:      //gain card with cost up to 5
        -:  839:      //Backup hand
    #####:  840:      for (i = 0; i <= state->handCount[currentPlayer]; i++){
branch  0 never executed
branch  1 never executed
    #####:  841:	temphand[i] = state->hand[currentPlayer][i];//Backup card
    #####:  842:	state->hand[currentPlayer][i] = -1;//Set to nothing
        -:  843:      }
        -:  844:      //Backup hand
        -:  845:
        -:  846:      //Update Coins for Buy
    #####:  847:      updateCoins(currentPlayer, state, 5);
call    0 never executed
    #####:  848:      x = 1;//Condition to loop on
    #####:  849:      while( x == 1) {//Buy one card
branch  0 never executed
branch  1 never executed
    #####:  850:	if (supplyCount(choice1, state) <= 0){
call    0 never executed
branch  1 never executed
branch  2 never executed
        -:  851:	  if (DEBUG)
        -:  852:	    printf("None of that card left, sorry!\n");
        -:  853:
        -:  854:	  if (DEBUG){
        -:  855:	    printf("Cards Left: %d\n", supplyCount(choice1, state));
        -:  856:	  }
        -:  857:	}
    #####:  858:	else if (state->coins < getCost(choice1)){
call    0 never executed
branch  1 never executed
branch  2 never executed
    #####:  859:	  printf("That card is too expensive!\n");
call    0 never executed
        -:  860:
        -:  861:	  if (DEBUG){
        -:  862:	    printf("Coins: %d < %d\n", state->coins, getCost(choice1));
        -:  863:	  }
        -:  864:	}
        -:  865:	else{
        -:  866:
        -:  867:	  if (DEBUG){
        -:  868:	    printf("Deck Count: %d\n", state->handCount[currentPlayer] + state->deckCount[currentPlayer] + state->discardCount[currentPlayer]);
        -:  869:	  }
        -:  870:
    #####:  871:	  gainCard(choice1, state, 0, currentPlayer);//Gain the card
call    0 never executed
    #####:  872:	  x = 0;//No more buying cards
        -:  873:
        -:  874:	  if (DEBUG){
        -:  875:	    printf("Deck Count: %d\n", state->handCount[currentPlayer] + state->deckCount[currentPlayer] + state->discardCount[currentPlayer]);
        -:  876:	  }
        -:  877:
        -:  878:	}
        -:  879:      }     
        -:  880:
        -:  881:      //Reset Hand
    #####:  882:      for (i = 0; i <= state->handCount[currentPlayer]; i++){
branch  0 never executed
branch  1 never executed
    #####:  883:	state->hand[currentPlayer][i] = temphand[i];
    #####:  884:	temphand[i] = -1;
        -:  885:      }
        -:  886:      //Reset Hand
        -:  887:      			
    #####:  888:      return 0;
        -:  889:			
        -:  890:    case gardens:
    #####:  891:      return -1;
        -:  892:			
        -:  893:    case mine:
    #####:  894:      j = state->hand[currentPlayer][choice1];  //store card we will trash
        -:  895:
    #####:  896:      if (state->hand[currentPlayer][choice1] < copper || state->hand[currentPlayer][choice1] > gold)
branch  0 never executed
branch  1 never executed
branch  2 never executed
branch  3 never executed
        -:  897:	{
    #####:  898:	  return -1;
        -:  899:	}
        -:  900:		
    #####:  901:      if (choice2 > treasure_map || choice2 < curse)
branch  0 never executed
branch  1 never executed
branch  2 never executed
branch  3 never executed
        -:  902:	{
    #####:  903:	  return -1;
        -:  904:	}
        -:  905:
    #####:  906:      if ( (getCost(state->hand[currentPlayer][choice1]) + 3) > getCost(choice2) )
call    0 never executed
call    1 never executed
branch  2 never executed
branch  3 never executed
        -:  907:	{
    #####:  908:	  return -1;
        -:  909:	}
        -:  910:
    #####:  911:      gainCard(choice2, state, 2, currentPlayer);
call    0 never executed
        -:  912:
        -:  913:      //discard card from hand
    #####:  914:      discardCard(handPos, currentPlayer, state, 0);
call    0 never executed
        -:  915:
        -:  916:      //discard trashed card
    #####:  917:      for (i = 0; i < state->handCount[currentPlayer]; i++)
branch  0 never executed
branch  1 never executed
        -:  918:	{
    #####:  919:	  if (state->hand[currentPlayer][i] == j)
branch  0 never executed
branch  1 never executed
        -:  920:	    {
    #####:  921:	      discardCard(i, currentPlayer, state, 0);			
call    0 never executed
    #####:  922:	      break;
        -:  923:	    }
        -:  924:	}
        -:  925:			
    #####:  926:      return 0;
        -:  927:			
        -:  928:    case remodel:
    #####:  929:      j = state->hand[currentPlayer][choice1];  //store card we will trash
        -:  930:
    #####:  931:      if ( (getCost(state->hand[currentPlayer][choice1]) + 2) > getCost(choice2) )
call    0 never executed
call    1 never executed
branch  2 never executed
branch  3 never executed
        -:  932:	{
    #####:  933:	  return -1;
        -:  934:	}
        -:  935:
    #####:  936:      gainCard(choice2, state, 0, currentPlayer);
call    0 never executed
        -:  937:
        -:  938:      //discard card from hand
    #####:  939:      discardCard(handPos, currentPlayer, state, 0);
call    0 never executed
        -:  940:
        -:  941:      //discard trashed card
    #####:  942:      for (i = 0; i < state->handCount[currentPlayer]; i++)
branch  0 never executed
branch  1 never executed
        -:  943:	{
    #####:  944:	  if (state->hand[currentPlayer][i] == j)
branch  0 never executed
branch  1 never executed
        -:  945:	    {
    #####:  946:	      discardCard(i, currentPlayer, state, 0);			
call    0 never executed
    #####:  947:	      break;
        -:  948:	    }
        -:  949:	}
        -:  950:
        -:  951:
    #####:  952:      return 0;
        -:  953:		
        -:  954:    case smithy:
        -:  955:
        1:  956:    alteredSmithy(state, handPos);
call    0 returned 100%
        -:  957:    /*
        -:  958:      //+3 Cards
        -:  959:      for (i = 0; i < 3; i++)
        -:  960:	{
        -:  961:	  drawCard(currentPlayer, state);
        -:  962:	}
        -:  963:			
        -:  964:      //discard card from hand
        -:  965:      discardCard(handPos, currentPlayer, state, 0);
        -:  966:      */
        1:  967:      return 0;
        -:  968:		
        -:  969:    case village:
        6:  970:      alteredVillage(state, handPos);
call    0 returned 100%
        -:  971:      
        -:  972:	
        6:  973:      return 0;
        -:  974:		
        -:  975:    case baron:
    #####:  976:      state->numBuys++;//Increase buys by 1!
    #####:  977:      if (choice1 > 0){//Boolean true or going to discard an estate
branch  0 never executed
branch  1 never executed
    #####:  978:	int p = 0;//Iterator for hand!
    #####:  979:	int card_not_discarded = 1;//Flag for discard set!
    #####:  980:	while(card_not_discarded){
branch  0 never executed
branch  1 never executed
    #####:  981:	  if (state->hand[currentPlayer][p] == estate){//Found an estate card!
branch  0 never executed
branch  1 never executed
    #####:  982:	    state->coins += 4;//Add 4 coins to the amount of coins
    #####:  983:	    state->discard[currentPlayer][state->discardCount[currentPlayer]] = state->hand[currentPlayer][p];
    #####:  984:	    state->discardCount[currentPlayer]++;
    #####:  985:	    for (;p < state->handCount[currentPlayer]; p++){
branch  0 never executed
branch  1 never executed
    #####:  986:	      state->hand[currentPlayer][p] = state->hand[currentPlayer][p+1];
        -:  987:	    }
    #####:  988:	    state->hand[currentPlayer][state->handCount[currentPlayer]] = -1;
    #####:  989:	    state->handCount[currentPlayer]--;
    #####:  990:	    card_not_discarded = 0;//Exit the loop
        -:  991:	  }
    #####:  992:	  else if (p > state->handCount[currentPlayer]){
branch  0 never executed
branch  1 never executed
        -:  993:	    if(DEBUG) {
        -:  994:	      printf("No estate cards in your hand, invalid choice\n");
        -:  995:	      printf("Must gain an estate if there are any\n");
        -:  996:	    }
    #####:  997:	    if (supplyCount(estate, state) > 0){
call    0 never executed
branch  1 never executed
branch  2 never executed
    #####:  998:	      gainCard(estate, state, 0, currentPlayer);
call    0 never executed
    #####:  999:	      state->supplyCount[estate]--;//Decrement estates
    #####: 1000:	      if (supplyCount(estate, state) == 0){
call    0 never executed
branch  1 never executed
branch  2 never executed
    #####: 1001:		isGameOver(state);
call    0 never executed
        -: 1002:	      }
        -: 1003:	    }
    #####: 1004:	    card_not_discarded = 0;//Exit the loop
        -: 1005:	  }
        -: 1006:			    
        -: 1007:	  else{
    #####: 1008:	    p++;//Next card
        -: 1009:	  }
        -: 1010:	}
        -: 1011:      }
        -: 1012:			    
        -: 1013:      else{
    #####: 1014:	if (supplyCount(estate, state) > 0){
call    0 never executed
branch  1 never executed
branch  2 never executed
    #####: 1015:	  gainCard(estate, state, 0, currentPlayer);//Gain an estate
call    0 never executed
    #####: 1016:	  state->supplyCount[estate]--;//Decrement Estates
    #####: 1017:	  if (supplyCount(estate, state) == 0){
call    0 never executed
branch  1 never executed
branch  2 never executed
    #####: 1018:	    isGameOver(state);
call    0 never executed
        -: 1019:	  }
        -: 1020:	}
        -: 1021:      }
        -: 1022:	    
        -: 1023:      
    #####: 1024:      return 0;
        -: 1025:		
        -: 1026:    case great_hall:
        -: 1027:
    #####: 1028:    	alteredGreatHall(state, handPos);
call    0 never executed
        -: 1029:      
        -: 1030:      
    #####: 1031:      return 0;
        -: 1032:		
        -: 1033:    case minion:
        -: 1034:    
    #####: 1035:    	alteredMinion(state, handPos, choice1, choice2);
call    0 never executed
        -: 1036:
        -: 1037:     
    #####: 1038:      return 0;
        -: 1039:		
        -: 1040:    case steward:
    #####: 1041:      if (choice1 == 1)
branch  0 never executed
branch  1 never executed
        -: 1042:	{
        -: 1043:	  //+2 cards
    #####: 1044:	  drawCard(currentPlayer, state);
call    0 never executed
    #####: 1045:	  drawCard(currentPlayer, state);
call    0 never executed
        -: 1046:	}
    #####: 1047:      else if (choice1 == 2)
branch  0 never executed
branch  1 never executed
        -: 1048:	{
        -: 1049:	  //+2 coins
    #####: 1050:	  state->coins = state->coins + 2;
        -: 1051:	}
        -: 1052:      else
        -: 1053:	{
        -: 1054:	  //trash 2 cards in hand
    #####: 1055:	  discardCard(choice2, currentPlayer, state, 1);
call    0 never executed
    #####: 1056:	  discardCard(choice3, currentPlayer, state, 1);
call    0 never executed
        -: 1057:	}
        -: 1058:			
        -: 1059:      //discard card from hand
    #####: 1060:      discardCard(handPos, currentPlayer, state, 0);
call    0 never executed
    #####: 1061:      return 0;
        -: 1062:		
        -: 1063:    case tribute:
    #####: 1064:      if ((state->discardCount[nextPlayer] + state->deckCount[nextPlayer]) <= 1){
branch  0 never executed
branch  1 never executed
    #####: 1065:	if (state->deckCount[nextPlayer] > 0){
branch  0 never executed
branch  1 never executed
    #####: 1066:	  tributeRevealedCards[0] = state->deck[nextPlayer][state->deckCount[nextPlayer]-1];
    #####: 1067:	  state->deckCount[nextPlayer]--;
        -: 1068:	}
    #####: 1069:	else if (state->discardCount[nextPlayer] > 0){
branch  0 never executed
branch  1 never executed
    #####: 1070:	  tributeRevealedCards[0] = state->discard[nextPlayer][state->discardCount[nextPlayer]-1];
    #####: 1071:	  state->discardCount[nextPlayer]--;
        -: 1072:	}
        -: 1073:	else{
        -: 1074:	  //No Card to Reveal
        -: 1075:	  if (DEBUG){
        -: 1076:	    printf("No cards to reveal\n");
        -: 1077:	  }
        -: 1078:	}
        -: 1079:      }
        -: 1080:	    
        -: 1081:      else{
    #####: 1082:	if (state->deckCount[nextPlayer] == 0){
branch  0 never executed
branch  1 never executed
    #####: 1083:	  for (i = 0; i < state->discardCount[nextPlayer]; i++){
branch  0 never executed
branch  1 never executed
    #####: 1084:	    state->deck[nextPlayer][i] = state->discard[nextPlayer][i];//Move to deck
    #####: 1085:	    state->deckCount[nextPlayer]++;
    #####: 1086:	    state->discard[nextPlayer][i] = -1;
    #####: 1087:	    state->discardCount[nextPlayer]--;
        -: 1088:	  }
        -: 1089:			    
    #####: 1090:	  shuffle(nextPlayer,state);//Shuffle the deck
call    0 never executed
        -: 1091:	} 
    #####: 1092:	tributeRevealedCards[0] = state->deck[nextPlayer][state->deckCount[nextPlayer]-1];
    #####: 1093:	state->deck[nextPlayer][state->deckCount[nextPlayer]--] = -1;
    #####: 1094:	state->deckCount[nextPlayer]--;
    #####: 1095:	tributeRevealedCards[1] = state->deck[nextPlayer][state->deckCount[nextPlayer]-1];
    #####: 1096:	state->deck[nextPlayer][state->deckCount[nextPlayer]--] = -1;
    #####: 1097:	state->deckCount[nextPlayer]--;
        -: 1098:      }    
        -: 1099:		       
    #####: 1100:      if (tributeRevealedCards[0] == tributeRevealedCards[1]){//If we have a duplicate card, just drop one 
branch  0 never executed
branch  1 never executed
    #####: 1101:	state->playedCards[state->playedCardCount] = tributeRevealedCards[1];
    #####: 1102:	state->playedCardCount++;
    #####: 1103:	tributeRevealedCards[1] = -1;
        -: 1104:      }
        -: 1105:
    #####: 1106:      for (i = 0; i <= 2; i ++){
branch  0 never executed
branch  1 never executed
    #####: 1107:	if (tributeRevealedCards[i] == copper || tributeRevealedCards[i] == silver || tributeRevealedCards[i] == gold){//Treasure cards
branch  0 never executed
branch  1 never executed
branch  2 never executed
branch  3 never executed
branch  4 never executed
branch  5 never executed
    #####: 1108:	  state->coins += 2;
        -: 1109:	}
        -: 1110:		    
    #####: 1111:	else if (tributeRevealedCards[i] == estate || tributeRevealedCards[i] == duchy || tributeRevealedCards[i] == province || tributeRevealedCards[i] == gardens || tributeRevealedCards[i] == great_hall){//Victory Card Found
branch  0 never executed
branch  1 never executed
branch  2 never executed
branch  3 never executed
branch  4 never executed
branch  5 never executed
branch  6 never executed
branch  7 never executed
branch  8 never executed
branch  9 never executed
    #####: 1112:	  drawCard(currentPlayer, state);
call    0 never executed
    #####: 1113:	  drawCard(currentPlayer, state);
call    0 never executed
        -: 1114:	}
        -: 1115:	else{//Action Card
    #####: 1116:	  state->numActions = state->numActions + 2;
        -: 1117:	}
        -: 1118:      }
        -: 1119:	    
    #####: 1120:      return 0;
        -: 1121:		
        -: 1122:    case ambassador:
    #####: 1123:      j = 0;		//used to check if player has enough cards to discard
        -: 1124:
    #####: 1125:      if (choice2 > 2 || choice2 < 0)
branch  0 never executed
branch  1 never executed
branch  2 never executed
branch  3 never executed
        -: 1126:	{
    #####: 1127:	  return -1;				
        -: 1128:	}
        -: 1129:
    #####: 1130:      if (choice1 == handPos)
branch  0 never executed
branch  1 never executed
        -: 1131:	{
    #####: 1132:	  return -1;
        -: 1133:	}
        -: 1134:
    #####: 1135:      for (i = 0; i < state->handCount[currentPlayer]; i++)
branch  0 never executed
branch  1 never executed
        -: 1136:	{
    #####: 1137:	  if (i != handPos && i == state->hand[currentPlayer][choice1] && i != choice1)
branch  0 never executed
branch  1 never executed
branch  2 never executed
branch  3 never executed
branch  4 never executed
branch  5 never executed
        -: 1138:	    {
    #####: 1139:	      j++;
        -: 1140:	    }
        -: 1141:	}
    #####: 1142:      if (j < choice2)
branch  0 never executed
branch  1 never executed
        -: 1143:	{
    #####: 1144:	  return -1;				
        -: 1145:	}
        -: 1146:
        -: 1147:      if (DEBUG) 
        -: 1148:	printf("Player %d reveals card number: %d\n", currentPlayer, state->hand[currentPlayer][choice1]);
        -: 1149:
        -: 1150:      //increase supply count for choosen card by amount being discarded
    #####: 1151:      state->supplyCount[state->hand[currentPlayer][choice1]] += choice2;
        -: 1152:			
        -: 1153:      //each other player gains a copy of revealed card
    #####: 1154:      for (i = 0; i < state->numPlayers; i++)
branch  0 never executed
branch  1 never executed
        -: 1155:	{
    #####: 1156:	  if (i != currentPlayer)
branch  0 never executed
branch  1 never executed
        -: 1157:	    {
    #####: 1158:	      gainCard(state->hand[currentPlayer][choice1], state, 0, i);
call    0 never executed
        -: 1159:	    }
        -: 1160:	}
        -: 1161:
        -: 1162:      //discard played card from hand
    #####: 1163:      discardCard(handPos, currentPlayer, state, 0);			
call    0 never executed
        -: 1164:
        -: 1165:      //trash copies of cards returned to supply
    #####: 1166:      for (j = 0; j < choice2; j++)
branch  0 never executed
branch  1 never executed
        -: 1167:	{
    #####: 1168:	  for (i = 0; i < state->handCount[currentPlayer]; i++)
branch  0 never executed
branch  1 never executed
        -: 1169:	    {
    #####: 1170:	      if (state->hand[currentPlayer][i] == state->hand[currentPlayer][choice1])
branch  0 never executed
branch  1 never executed
        -: 1171:		{
    #####: 1172:		  discardCard(i, currentPlayer, state, 1);
call    0 never executed
    #####: 1173:		  break;
        -: 1174:		}
        -: 1175:	    }
        -: 1176:	}			
        -: 1177:
    #####: 1178:      return 0;
        -: 1179:		
        -: 1180:    case cutpurse:
        -: 1181:
    #####: 1182:      updateCoins(currentPlayer, state, 2);
call    0 never executed
    #####: 1183:      for (i = 0; i < state->numPlayers; i++)
branch  0 never executed
branch  1 never executed
        -: 1184:	{
    #####: 1185:	  if (i != currentPlayer)
branch  0 never executed
branch  1 never executed
        -: 1186:	    {
    #####: 1187:	      for (j = 0; j < state->handCount[i]; j++)
branch  0 never executed
branch  1 never executed
        -: 1188:		{
    #####: 1189:		  if (state->hand[i][j] == copper)
branch  0 never executed
branch  1 never executed
        -: 1190:		    {
    #####: 1191:		      discardCard(j, i, state, 0);
call    0 never executed
    #####: 1192:		      break;
        -: 1193:		    }
    #####: 1194:		  if (j == state->handCount[i])
branch  0 never executed
branch  1 never executed
        -: 1195:		    {
    #####: 1196:		      for (k = 0; k < state->handCount[i]; k++)
branch  0 never executed
branch  1 never executed
        -: 1197:			{
        -: 1198:			  if (DEBUG)
        -: 1199:			    printf("Player %d reveals card number %d\n", i, state->hand[i][k]);
        -: 1200:			}	
    #####: 1201:		      break;
        -: 1202:		    }		
        -: 1203:		}
        -: 1204:					
        -: 1205:	    }
        -: 1206:				
        -: 1207:	}				
        -: 1208:
        -: 1209:      //discard played card from hand
    #####: 1210:      discardCard(handPos, currentPlayer, state, 0);			
call    0 never executed
        -: 1211:
    #####: 1212:      return 0;
        -: 1213:
        -: 1214:		
        -: 1215:    case embargo: 
        -: 1216:      //+2 Coins
    #####: 1217:      state->coins = state->coins + 2;
        -: 1218:			
        -: 1219:      //see if selected pile is in play
    #####: 1220:      if ( state->supplyCount[choice1] == -1 )
branch  0 never executed
branch  1 never executed
        -: 1221:	{
    #####: 1222:	  return -1;
        -: 1223:	}
        -: 1224:			
        -: 1225:      //add embargo token to selected supply pile
    #####: 1226:      state->embargoTokens[choice1]++;
        -: 1227:			
        -: 1228:      //trash card
    #####: 1229:      discardCard(handPos, currentPlayer, state, 1);		
call    0 never executed
    #####: 1230:      return 0;
        -: 1231:		
        -: 1232:    case outpost:
        -: 1233:      //set outpost flag
    #####: 1234:      state->outpostPlayed++;
        -: 1235:			
        -: 1236:      //discard card
    #####: 1237:      discardCard(handPos, currentPlayer, state, 0);
call    0 never executed
    #####: 1238:      return 0;
        -: 1239:		
        -: 1240:    case salvager:
        -: 1241:      //+1 buy
    #####: 1242:      state->numBuys++;
        -: 1243:			
    #####: 1244:      if (choice1)
branch  0 never executed
branch  1 never executed
        -: 1245:	{
        -: 1246:	  //gain coins equal to trashed card
    #####: 1247:	  state->coins = state->coins + getCost( handCard(choice1, state) );
call    0 never executed
call    1 never executed
        -: 1248:	  //trash card
    #####: 1249:	  discardCard(choice1, currentPlayer, state, 1);	
call    0 never executed
        -: 1250:	}
        -: 1251:			
        -: 1252:      //discard card
    #####: 1253:      discardCard(handPos, currentPlayer, state, 0);
call    0 never executed
    #####: 1254:      return 0;
        -: 1255:		
        -: 1256:    case sea_hag:
    #####: 1257:      for (i = 0; i < state->numPlayers; i++){
branch  0 never executed
branch  1 never executed
    #####: 1258:	if (i != currentPlayer){
branch  0 never executed
branch  1 never executed
    #####: 1259:	  state->discard[i][state->discardCount[i]] = state->deck[i][state->deckCount[i]--];			    state->deckCount[i]--;
    #####: 1260:	  state->discardCount[i]++;
    #####: 1261:	  state->deck[i][state->deckCount[i]--] = curse;//Top card now a curse
        -: 1262:	}
        -: 1263:      }
    #####: 1264:      return 0;
        -: 1265:		
        -: 1266:    case treasure_map:
        -: 1267:      //search hand for another treasure_map
    #####: 1268:      index = -1;
    #####: 1269:      for (i = 0; i < state->handCount[currentPlayer]; i++)
branch  0 never executed
branch  1 never executed
        -: 1270:	{
    #####: 1271:	  if (state->hand[currentPlayer][i] == treasure_map && i != handPos)
branch  0 never executed
branch  1 never executed
branch  2 never executed
branch  3 never executed
        -: 1272:	    {
    #####: 1273:	      index = i;
    #####: 1274:	      break;
        -: 1275:	    }
        -: 1276:	}
    #####: 1277:      if (index > -1)
branch  0 never executed
branch  1 never executed
        -: 1278:	{
        -: 1279:	  //trash both treasure cards
    #####: 1280:	  discardCard(handPos, currentPlayer, state, 1);
call    0 never executed
    #####: 1281:	  discardCard(index, currentPlayer, state, 1);
call    0 never executed
        -: 1282:
        -: 1283:	  //gain 4 Gold cards
    #####: 1284:	  for (i = 0; i < 4; i++)
branch  0 never executed
branch  1 never executed
        -: 1285:	    {
    #####: 1286:	      gainCard(gold, state, 1, currentPlayer);
call    0 never executed
        -: 1287:	    }
        -: 1288:				
        -: 1289:	  //return success
    #####: 1290:	  return 1;
        -: 1291:	}
        -: 1292:			
        -: 1293:      //no second treasure_map found in hand
    #####: 1294:      return -1;
        -: 1295:    }
        -: 1296:	
    #####: 1297:  return -1;
        -: 1298:}
        -: 1299:
function discardCard called 5510 returned 100% blocks executed 78%
     5510: 1300:int discardCard(int handPos, int currentPlayer, struct gameState *state, int trashFlag)
        -: 1301:{
        -: 1302:	
        -: 1303:  //if card is not trashed, added to Played pile 
     5510: 1304:  if (trashFlag < 1)
branch  0 taken 100% (fallthrough)
branch  1 taken 0%
        -: 1305:    {
        -: 1306:      //add card to played pile
     5510: 1307:      state->playedCards[state->playedCardCount] = state->hand[currentPlayer][handPos]; 
     5510: 1308:      state->playedCardCount++;
        -: 1309:    }
        -: 1310:	
        -: 1311:  //set played card to -1
     5510: 1312:  state->hand[currentPlayer][handPos] = -1;
        -: 1313:	
        -: 1314:  //remove card from player's hand
     5510: 1315:  if ( handPos == (state->handCount[currentPlayer] - 1) ) 	//last card in hand array is played
branch  0 taken 0% (fallthrough)
branch  1 taken 100%
        -: 1316:    {
        -: 1317:      //reduce number of cards in hand
    #####: 1318:      state->handCount[currentPlayer]--;
        -: 1319:    }
     5510: 1320:  else if ( state->handCount[currentPlayer] == 1 ) //only one card in hand
branch  0 taken 0% (fallthrough)
branch  1 taken 100%
        -: 1321:    {
        -: 1322:      //reduce number of cards in hand
    #####: 1323:      state->handCount[currentPlayer]--;
        -: 1324:    }
        -: 1325:  else 	
        -: 1326:    {
        -: 1327:      //replace discarded card with last card in hand
     5510: 1328:      state->hand[currentPlayer][handPos] = state->hand[currentPlayer][ (state->handCount[currentPlayer] - 1)];
        -: 1329:      //set last card to -1
     5510: 1330:      state->hand[currentPlayer][state->handCount[currentPlayer] - 1] = -1;
        -: 1331:      //reduce number of cards in hand
     5510: 1332:      state->handCount[currentPlayer]--;
        -: 1333:    }
        -: 1334:	
     5510: 1335:  return 0;
        -: 1336:}
        -: 1337:
function gainCard called 0 returned 0% blocks executed 0%
    #####: 1338:int gainCard(int supplyPos, struct gameState *state, int toFlag, int player)
        -: 1339:{
        -: 1340:  //Note: supplyPos is enum of choosen card
        -: 1341:	
        -: 1342:  //check if supply pile is empty (0) or card is not used in game (-1)
    #####: 1343:  if ( supplyCount(supplyPos, state) < 1 )
call    0 never executed
branch  1 never executed
branch  2 never executed
        -: 1344:    {
    #####: 1345:      return -1;
        -: 1346:    }
        -: 1347:	
        -: 1348:  //added card for [whoseTurn] current player:
        -: 1349:  // toFlag = 0 : add to discard
        -: 1350:  // toFlag = 1 : add to deck
        -: 1351:  // toFlag = 2 : add to hand
        -: 1352:
    #####: 1353:  if (toFlag == 1)
branch  0 never executed
branch  1 never executed
        -: 1354:    {
    #####: 1355:      state->deck[ player ][ state->deckCount[player] ] = supplyPos;
    #####: 1356:      state->deckCount[player]++;
        -: 1357:    }
    #####: 1358:  else if (toFlag == 2)
branch  0 never executed
branch  1 never executed
        -: 1359:    {
    #####: 1360:      state->hand[ player ][ state->handCount[player] ] = supplyPos;
    #####: 1361:      state->handCount[player]++;
        -: 1362:    }
        -: 1363:  else
        -: 1364:    {
    #####: 1365:      state->discard[player][ state->discardCount[player] ] = supplyPos;
    #####: 1366:      state->discardCount[player]++;
        -: 1367:    }
        -: 1368:	
        -: 1369:  //decrease number in supply pile
    #####: 1370:  state->supplyCount[supplyPos]--;
        -: 1371:	 
    #####: 1372:  return 0;
        -: 1373:}
        -: 1374:
function updateCoins called 1591 returned 100% blocks executed 100%
     1591: 1375:int updateCoins(int player, struct gameState *state, int bonus)
        -: 1376:{
        -: 1377:  int i;
        -: 1378:	
        -: 1379:  //reset coin count
     1591: 1380:  state->coins = 0;
        -: 1381:
        -: 1382:  //add coins for each Treasure card in player's hand
     9546: 1383:  for (i = 0; i < state->handCount[player]; i++)
branch  0 taken 83%
branch  1 taken 17% (fallthrough)
        -: 1384:    {
     7955: 1385:      if (state->hand[player][i] == copper)
branch  0 taken 28% (fallthrough)
branch  1 taken 72%
        -: 1386:	{
     2210: 1387:	  state->coins += 1;
        -: 1388:	}
     5745: 1389:      else if (state->hand[player][i] == silver)
branch  0 taken 31% (fallthrough)
branch  1 taken 69%
        -: 1390:	{
     1809: 1391:	  state->coins += 2;
        -: 1392:	}
     3936: 1393:      else if (state->hand[player][i] == gold)
branch  0 taken 45% (fallthrough)
branch  1 taken 55%
        -: 1394:	{
     1755: 1395:	  state->coins += 3;
        -: 1396:	}	
        -: 1397:    }	
        -: 1398:
        -: 1399:  //add bonus
     1591: 1400:  state->coins += bonus;
        -: 1401:
     1591: 1402:  return 0;
        -: 1403:}
        -: 1404:
        -: 1405:
        -: 1406://end of dominion.c
        -: 1407:
